<?xml version="1.0" encoding="UTF-8"?>
<testng-results ignored="0" total="7" passed="7" failed="0" skipped="0">
  <reporter-output>
  </reporter-output>
  <suite started-at="2021-09-22T23:58:39 IST" name="Amazon" finished-at="2021-09-22T23:59:07 IST" duration-ms="27731">
    <groups>
    </groups>
    <test started-at="2021-09-22T23:58:39 IST" name="AmazonE2E" finished-at="2021-09-22T23:59:07 IST" duration-ms="27731">
      <class name="Framework.E2EAmazon.AddaddressAmz">
        <test-method is-config="true" signature="Initilaizedriver()[pri:0, instance:Framework.E2EAmazon.AddaddressAmz@29cfd92b]" started-at="2021-09-22T23:58:39 IST" name="Initilaizedriver" finished-at="2021-09-22T23:58:43 IST" duration-ms="3381" status="PASS">
          <reporter-output>
          </reporter-output>
        </test-method> <!-- Initilaizedriver -->
        <test-method signature="homepage()[pri:1, instance:Framework.E2EAmazon.AddaddressAmz@29cfd92b]" started-at="2021-09-22T23:58:43 IST" name="homepage" finished-at="2021-09-22T23:58:43 IST" duration-ms="659" status="PASS">
          <reporter-output>
          </reporter-output>
        </test-method> <!-- homepage -->
        <test-method signature="Signin()[pri:2, instance:Framework.E2EAmazon.AddaddressAmz@29cfd92b]" started-at="2021-09-22T23:58:43 IST" name="Signin" finished-at="2021-09-22T23:58:48 IST" duration-ms="4463" status="PASS">
          <reporter-output>
          </reporter-output>
        </test-method> <!-- Signin -->
        <test-method signature="Profile()[pri:3, instance:Framework.E2EAmazon.AddaddressAmz@29cfd92b]" started-at="2021-09-22T23:58:48 IST" name="Profile" finished-at="2021-09-22T23:58:52 IST" duration-ms="4251" status="PASS">
          <reporter-output>
          </reporter-output>
        </test-method> <!-- Profile -->
        <test-method signature="Addadress()[pri:4, instance:Framework.E2EAmazon.AddaddressAmz@29cfd92b]" started-at="2021-09-22T23:58:52 IST" name="Addadress" finished-at="2021-09-22T23:58:55 IST" duration-ms="3280" status="PASS">
          <reporter-output>
          </reporter-output>
        </test-method> <!-- Addadress -->
        <test-method signature="logout()[pri:5, instance:Framework.E2EAmazon.AddaddressAmz@29cfd92b]" started-at="2021-09-22T23:58:55 IST" name="logout" finished-at="2021-09-22T23:58:56 IST" duration-ms="945" status="PASS">
          <reporter-output>
          </reporter-output>
        </test-method> <!-- logout -->
        <test-method is-config="true" signature="closebswr()[pri:0, instance:Framework.E2EAmazon.AddaddressAmz@29cfd92b]" started-at="2021-09-22T23:59:07 IST" name="closebswr" finished-at="2021-09-22T23:59:07 IST" duration-ms="163" status="FAIL">
          <exception class="org.openqa.selenium.NoSuchSessionException">
            <message>
              <![CDATA[invalid session id
Build info: version: '3.141.59', revision: 'e82be7d358', time: '2018-11-14T08:17:03'
System info: host: 'LAPTOP-1DSDOME4', ip: '192.168.1.107', os.name: 'Windows 10', os.arch: 'amd64', os.version: '10.0', java.version: '11.0.10'
Driver info: org.openqa.selenium.chrome.ChromeDriver
Capabilities {acceptInsecureCerts: false, browserName: chrome, browserVersion: 93.0.4577.82, chrome: {chromedriverVersion: 93.0.4577.15 (660fc11082ba5..., userDataDir: C:\Users\akash\AppData\Loca...}, goog:chromeOptions: {debuggerAddress: localhost:54434}, javascriptEnabled: true, networkConnectionEnabled: false, pageLoadStrategy: normal, platform: WINDOWS, platformName: WINDOWS, proxy: Proxy(), setWindowRect: true, strictFileInteractability: false, timeouts: {implicit: 0, pageLoad: 300000, script: 30000}, unhandledPromptBehavior: dismiss and notify, webauthn:extension:credBlob: true, webauthn:extension:largeBlob: true, webauthn:virtualAuthenticators: true}
Session ID: c69b9e3caf3a9bcb6b43bb8ec4eb84b3]]>
            </message>
            <full-stacktrace>
              <![CDATA[org.openqa.selenium.NoSuchSessionException: invalid session id
Build info: version: '3.141.59', revision: 'e82be7d358', time: '2018-11-14T08:17:03'
System info: host: 'LAPTOP-1DSDOME4', ip: '192.168.1.107', os.name: 'Windows 10', os.arch: 'amd64', os.version: '10.0', java.version: '11.0.10'
Driver info: org.openqa.selenium.chrome.ChromeDriver
Capabilities {acceptInsecureCerts: false, browserName: chrome, browserVersion: 93.0.4577.82, chrome: {chromedriverVersion: 93.0.4577.15 (660fc11082ba5..., userDataDir: C:\Users\akash\AppData\Loca...}, goog:chromeOptions: {debuggerAddress: localhost:54434}, javascriptEnabled: true, networkConnectionEnabled: false, pageLoadStrategy: normal, platform: WINDOWS, platformName: WINDOWS, proxy: Proxy(), setWindowRect: true, strictFileInteractability: false, timeouts: {implicit: 0, pageLoad: 300000, script: 30000}, unhandledPromptBehavior: dismiss and notify, webauthn:extension:credBlob: true, webauthn:extension:largeBlob: true, webauthn:virtualAuthenticators: true}
Session ID: c69b9e3caf3a9bcb6b43bb8ec4eb84b3
at java.base/jdk.internal.reflect.NativeConstructorAccessorImpl.newInstance0(Native Method)
at java.base/jdk.internal.reflect.NativeConstructorAccessorImpl.newInstance(NativeConstructorAccessorImpl.java:62)
at java.base/jdk.internal.reflect.DelegatingConstructorAccessorImpl.newInstance(DelegatingConstructorAccessorImpl.java:45)
at java.base/java.lang.reflect.Constructor.newInstance(Constructor.java:490)
at org.openqa.selenium.remote.http.W3CHttpResponseCodec.createException(W3CHttpResponseCodec.java:187)
at org.openqa.selenium.remote.http.W3CHttpResponseCodec.decode(W3CHttpResponseCodec.java:122)
at org.openqa.selenium.remote.http.W3CHttpResponseCodec.decode(W3CHttpResponseCodec.java:49)
at org.openqa.selenium.remote.HttpCommandExecutor.execute(HttpCommandExecutor.java:158)
at org.openqa.selenium.remote.service.DriverCommandExecutor.execute(DriverCommandExecutor.java:83)
at org.openqa.selenium.remote.RemoteWebDriver.execute(RemoteWebDriver.java:552)
at org.openqa.selenium.remote.RemoteWebDriver.execute(RemoteWebDriver.java:609)
at org.openqa.selenium.remote.RemoteWebDriver.close(RemoteWebDriver.java:442)
at Framework.E2EAmazon.AddaddressAmz.closebswr(AddaddressAmz.java:104)
at java.base/jdk.internal.reflect.NativeMethodAccessorImpl.invoke0(Native Method)
at java.base/jdk.internal.reflect.NativeMethodAccessorImpl.invoke(NativeMethodAccessorImpl.java:62)
at java.base/jdk.internal.reflect.DelegatingMethodAccessorImpl.invoke(DelegatingMethodAccessorImpl.java:43)
at java.base/java.lang.reflect.Method.invoke(Method.java:566)
at org.testng.internal.MethodInvocationHelper.invokeMethod(MethodInvocationHelper.java:133)
at org.testng.internal.MethodInvocationHelper.invokeMethodConsideringTimeout(MethodInvocationHelper.java:62)
at org.testng.internal.ConfigInvoker.invokeConfigurationMethod(ConfigInvoker.java:385)
at org.testng.internal.ConfigInvoker.invokeConfigurations(ConfigInvoker.java:321)
at org.testng.TestRunner.invokeTestConfigurations(TestRunner.java:637)
at org.testng.TestRunner.afterRun(TestRunner.java:877)
at org.testng.TestRunner.run(TestRunner.java:599)
at org.testng.SuiteRunner.runTest(SuiteRunner.java:377)
at org.testng.SuiteRunner.runSequentially(SuiteRunner.java:371)
at org.testng.SuiteRunner.privateRun(SuiteRunner.java:332)
at org.testng.SuiteRunner.run(SuiteRunner.java:276)
at org.testng.SuiteRunnerWorker.runSuite(SuiteRunnerWorker.java:53)
at org.testng.SuiteRunnerWorker.run(SuiteRunnerWorker.java:96)
at org.testng.TestNG.runSuitesSequentially(TestNG.java:1212)
at org.testng.TestNG.runSuitesLocally(TestNG.java:1134)
at org.testng.TestNG.runSuites(TestNG.java:1063)
at org.testng.TestNG.run(TestNG.java:1031)
at org.testng.remote.AbstractRemoteTestNG.run(AbstractRemoteTestNG.java:115)
at org.testng.remote.RemoteTestNG.initAndRun(RemoteTestNG.java:251)
at org.testng.remote.RemoteTestNG.main(RemoteTestNG.java:77)
]]>
            </full-stacktrace>
          </exception> <!-- org.openqa.selenium.NoSuchSessionException -->
          <reporter-output>
          </reporter-output>
        </test-method> <!-- closebswr -->
      </class> <!-- Framework.E2EAmazon.AddaddressAmz -->
      <class name="Framework.E2EAmazon.AddproductAmz">
        <test-method is-config="true" signature="Initilaizedriver()[pri:0, instance:Framework.E2EAmazon.AddproductAmz@4a8ab068]" started-at="2021-09-22T23:58:56 IST" name="Initilaizedriver" finished-at="2021-09-22T23:58:59 IST" duration-ms="2892" status="PASS">
          <reporter-output>
          </reporter-output>
        </test-method> <!-- Initilaizedriver -->
        <test-method signature="homepage()[pri:1, instance:Framework.E2EAmazon.AddproductAmz@4a8ab068]" started-at="2021-09-22T23:58:59 IST" name="homepage" finished-at="2021-09-22T23:59:00 IST" duration-ms="740" status="PASS">
          <reporter-output>
          </reporter-output>
        </test-method> <!-- homepage -->
        <test-method signature="Signin()[pri:2, instance:Framework.E2EAmazon.AddproductAmz@4a8ab068]" started-at="2021-09-22T23:59:00 IST" name="Signin" finished-at="2021-09-22T23:59:03 IST" duration-ms="2661" status="PASS">
          <reporter-output>
          </reporter-output>
        </test-method> <!-- Signin -->
        <test-method is-config="true" signature="closebswr()[pri:0, instance:Framework.E2EAmazon.AddproductAmz@4a8ab068]" started-at="2021-09-22T23:59:03 IST" name="closebswr" finished-at="2021-09-22T23:59:07 IST" duration-ms="4180" status="PASS">
          <reporter-output>
          </reporter-output>
        </test-method> <!-- closebswr -->
      </class> <!-- Framework.E2EAmazon.AddproductAmz -->
    </test> <!-- AmazonE2E -->
  </suite> <!-- Amazon -->
</testng-results>
