<?xml version="1.0" encoding="UTF-8"?>
<!-- Generated by org.testng.reporters.JUnitXMLReporter -->
<testsuite ignored="0" hostname="LAPTOP-1DSDOME4" failures="0" tests="7" name="AmazonE2E" time="27.731" errors="0" timestamp="2021-09-22T23:59:07 IST">
  <testcase classname="Framework.E2EAmazon.AddaddressAmz" name="@AfterTest closebswr" time="0.163">
    <failure type="org.openqa.selenium.NoSuchSessionException" message="invalid session id
Build info: version: &amp;apos;3.141.59&amp;apos;, revision: &amp;apos;e82be7d358&amp;apos;, time: &amp;apos;2018-11-14T08:17:03&amp;apos;
System info: host: &amp;apos;LAPTOP-1DSDOME4&amp;apos;, ip: &amp;apos;192.168.1.107&amp;apos;, os.name: &amp;apos;Windows 10&amp;apos;, os.arch: &amp;apos;amd64&amp;apos;, os.version: &amp;apos;10.0&amp;apos;, java.version: &amp;apos;11.0.10&amp;apos;
Driver info: org.openqa.selenium.chrome.ChromeDriver
Capabilities {acceptInsecureCerts: false, browserName: chrome, browserVersion: 93.0.4577.82, chrome: {chromedriverVersion: 93.0.4577.15 (660fc11082ba5..., userDataDir: C:\Users\akash\AppData\Loca...}, goog:chromeOptions: {debuggerAddress: localhost:54434}, javascriptEnabled: true, networkConnectionEnabled: false, pageLoadStrategy: normal, platform: WINDOWS, platformName: WINDOWS, proxy: Proxy(), setWindowRect: true, strictFileInteractability: false, timeouts: {implicit: 0, pageLoad: 300000, script: 30000}, unhandledPromptBehavior: dismiss and notify, webauthn:extension:credBlob: true, webauthn:extension:largeBlob: true, webauthn:virtualAuthenticators: true}
Session ID: c69b9e3caf3a9bcb6b43bb8ec4eb84b3">
      <![CDATA[org.openqa.selenium.NoSuchSessionException: invalid session id
Build info: version: '3.141.59', revision: 'e82be7d358', time: '2018-11-14T08:17:03'
System info: host: 'LAPTOP-1DSDOME4', ip: '192.168.1.107', os.name: 'Windows 10', os.arch: 'amd64', os.version: '10.0', java.version: '11.0.10'
Driver info: org.openqa.selenium.chrome.ChromeDriver
Capabilities {acceptInsecureCerts: false, browserName: chrome, browserVersion: 93.0.4577.82, chrome: {chromedriverVersion: 93.0.4577.15 (660fc11082ba5..., userDataDir: C:\Users\akash\AppData\Loca...}, goog:chromeOptions: {debuggerAddress: localhost:54434}, javascriptEnabled: true, networkConnectionEnabled: false, pageLoadStrategy: normal, platform: WINDOWS, platformName: WINDOWS, proxy: Proxy(), setWindowRect: true, strictFileInteractability: false, timeouts: {implicit: 0, pageLoad: 300000, script: 30000}, unhandledPromptBehavior: dismiss and notify, webauthn:extension:credBlob: true, webauthn:extension:largeBlob: true, webauthn:virtualAuthenticators: true}
Session ID: c69b9e3caf3a9bcb6b43bb8ec4eb84b3
at org.openqa.selenium.remote.http.W3CHttpResponseCodec.createException(W3CHttpResponseCodec.java:187)
at org.openqa.selenium.remote.http.W3CHttpResponseCodec.decode(W3CHttpResponseCodec.java:122)
at org.openqa.selenium.remote.http.W3CHttpResponseCodec.decode(W3CHttpResponseCodec.java:49)
at org.openqa.selenium.remote.HttpCommandExecutor.execute(HttpCommandExecutor.java:158)
at org.openqa.selenium.remote.service.DriverCommandExecutor.execute(DriverCommandExecutor.java:83)
at org.openqa.selenium.remote.RemoteWebDriver.execute(RemoteWebDriver.java:552)
at org.openqa.selenium.remote.RemoteWebDriver.execute(RemoteWebDriver.java:609)
at org.openqa.selenium.remote.RemoteWebDriver.close(RemoteWebDriver.java:442)
at Framework.E2EAmazon.AddaddressAmz.closebswr(AddaddressAmz.java:104)
... Removed 28 stack frames]]>
    </failure>
  </testcase> <!-- @AfterTest closebswr -->
  <testcase classname="Framework.E2EAmazon.AddaddressAmz" name="homepage" time="0.659"/>
  <testcase classname="Framework.E2EAmazon.AddaddressAmz" name="Signin" time="4.463"/>
  <testcase classname="Framework.E2EAmazon.AddaddressAmz" name="Profile" time="4.251"/>
  <testcase classname="Framework.E2EAmazon.AddaddressAmz" name="Addadress" time="3.28"/>
  <testcase classname="Framework.E2EAmazon.AddaddressAmz" name="logout" time="0.945"/>
  <testcase classname="Framework.E2EAmazon.AddproductAmz" name="homepage" time="0.74"/>
  <testcase classname="Framework.E2EAmazon.AddproductAmz" name="Signin" time="2.661"/>
</testsuite> <!-- AmazonE2E -->
